\BOOKMARK [0][-]{chapter*.1}{Revision history}{}% 1
\BOOKMARK [0][-]{chapter*.3}{List of figures}{}% 2
\BOOKMARK [0][-]{chapter*.4}{List of tables}{}% 3
\BOOKMARK [0][-]{chapter*.5}{Glossary}{}% 4
\BOOKMARK [0][-]{chapter.1}{Introduction and goals}{}% 5
\BOOKMARK [1][-]{section.1.1}{Introduction}{chapter.1}% 6
\BOOKMARK [1][-]{section.1.2}{Quality goals}{chapter.1}% 7
\BOOKMARK [0][-]{chapter.2}{Requirements}{}% 8
\BOOKMARK [1][-]{section.2.1}{Stakeholders}{chapter.2}% 9
\BOOKMARK [2][-]{subsection.2.1.1}{Represented stakeholders}{section.2.1}% 10
\BOOKMARK [2][-]{subsection.2.1.2}{Non represented stakeholders}{section.2.1}% 11
\BOOKMARK [1][-]{section.2.2}{Key Drivers}{chapter.2}% 12
\BOOKMARK [1][-]{section.2.3}{Functional requirements}{chapter.2}% 13
\BOOKMARK [1][-]{section.2.4}{Non-functional requirements}{chapter.2}% 14
\BOOKMARK [2][-]{subsection.2.4.1}{Security}{section.2.4}% 15
\BOOKMARK [2][-]{subsection.2.4.2}{Reliability}{section.2.4}% 16
\BOOKMARK [2][-]{subsection.2.4.3}{Compatibility}{section.2.4}% 17
\BOOKMARK [1][-]{section.2.5}{Constraints}{chapter.2}% 18
\BOOKMARK [2][-]{subsection.2.5.1}{Organisational Constraints}{section.2.5}% 19
\BOOKMARK [2][-]{subsection.2.5.2}{Business Constraints}{section.2.5}% 20
\BOOKMARK [2][-]{subsection.2.5.3}{Technological Constraints}{section.2.5}% 21
\BOOKMARK [0][-]{chapter.3}{System scope and context}{}% 22
\BOOKMARK [1][-]{section.3.1}{Business context}{chapter.3}% 23
\BOOKMARK [1][-]{section.3.2}{Logical view}{chapter.3}% 24
\BOOKMARK [1][-]{section.3.3}{Technical context}{chapter.3}% 25
\BOOKMARK [1][-]{section.3.4}{External interfaces}{chapter.3}% 26
\BOOKMARK [0][-]{chapter.4}{Solution strategy}{}% 27
\BOOKMARK [1][-]{section.4.1}{Security}{chapter.4}% 28
\BOOKMARK [1][-]{section.4.2}{Compatibility}{chapter.4}% 29
\BOOKMARK [1][-]{section.4.3}{Reliability}{chapter.4}% 30
\BOOKMARK [0][-]{chapter.5}{Software architecture}{}% 31
\BOOKMARK [1][-]{section.5.1}{Logical View}{chapter.5}% 32
\BOOKMARK [2][-]{subsection.5.1.1}{Primary presentation}{section.5.1}% 33
\BOOKMARK [2][-]{subsection.5.1.2}{Element Catalog}{section.5.1}% 34
\BOOKMARK [1][-]{section.5.2}{Process View}{chapter.5}% 35
\BOOKMARK [1][-]{section.5.3}{Data View}{chapter.5}% 36
\BOOKMARK [1][-]{section.5.4}{Physical View}{chapter.5}% 37
\BOOKMARK [0][-]{chapter.6}{Concepts}{}% 38
\BOOKMARK [1][-]{section.6.1}{Domain model}{chapter.6}% 39
\BOOKMARK [1][-]{section.6.2}{Architectural patterns}{chapter.6}% 40
\BOOKMARK [1][-]{section.6.3}{Security}{chapter.6}% 41
\BOOKMARK [1][-]{section.6.4}{Compatibility}{chapter.6}% 42
\BOOKMARK [1][-]{section.6.5}{Reliability}{chapter.6}% 43
\BOOKMARK [0][-]{chapter.7}{Design decisions}{}% 44
\BOOKMARK [0][-]{chapter.8}{Quality scenarios}{}% 45
\BOOKMARK [0][-]{appendix.A}{Time tracking}{}% 46
